2023-11-03T08:07:03+00:00 CRITICAL Uncaught ValueError: Path cannot be empty in /var/www/testapp/wp-content/themes/storefront/functions.php:324
Stack trace:
#0 /var/www/testapp/wp-content/themes/storefront/functions.php(324): file_get_contents()
#1 /var/www/testapp/wp-includes/shortcodes.php(433): createProduct()
#2 [internal function]: do_shortcode_tag()
#3 /var/www/testapp/wp-includes/shortcodes.php(273): preg_replace_callback()
#4 /var/www/testapp/wp-includes/class-wp-hook.php(310): do_shortcode()
#5 /var/www/testapp/wp-includes/plugin.php(205): WP_Hook->apply_filters()
#6 /var/www/testapp/wp-includes/post-template.php(256): apply_filters()
#7 /var/www/testapp/wp-content/themes/storefront/inc/storefront-template-functions.php(352): the_content()
#8 /var/www/testapp/wp-includes/class-wp-hook.php(310): storefront_page_content()
#9 /var/www/testapp/wp-includes/class-wp-hook.php(334): WP_Hook->apply_filters()
#10 /var/www/testapp/wp-includes/plugin.php(517): WP_Hook->do_action()
#11 /var/www/testapp/wp-content/themes/storefront/content-page.php(18): do_action()
#12 /var/www/testapp/wp-includes/template.php(787): require('...')
#13 /var/www/testapp/wp-includes/template.php(720): load_template()
#14 /var/www/testapp/wp-includes/general-template.php(206): locate_template()
#15 /var/www/testapp/wp-content/themes/storefront/page.php(24): get_template_part()
#16 /var/www/testapp/wp-includes/template-loader.php(106): include('...')
#17 /var/www/testapp/wp-blog-header.php(19): require_once('...')
#18 /var/www/testapp/index.php(18): require('...')
#19 {main}
  thrown in /var/www/testapp/wp-content/themes/storefront/functions.php on line 324

2023-11-03T08:07:14+00:00 CRITICAL Uncaught ValueError: Path cannot be empty in /var/www/testapp/wp-content/themes/storefront/functions.php:324
Stack trace:
#0 /var/www/testapp/wp-content/themes/storefront/functions.php(324): file_get_contents()
#1 /var/www/testapp/wp-includes/shortcodes.php(433): createProduct()
#2 [internal function]: do_shortcode_tag()
#3 /var/www/testapp/wp-includes/shortcodes.php(273): preg_replace_callback()
#4 /var/www/testapp/wp-includes/class-wp-hook.php(310): do_shortcode()
#5 /var/www/testapp/wp-includes/plugin.php(205): WP_Hook->apply_filters()
#6 /var/www/testapp/wp-includes/post-template.php(256): apply_filters()
#7 /var/www/testapp/wp-content/themes/storefront/inc/storefront-template-functions.php(352): the_content()
#8 /var/www/testapp/wp-includes/class-wp-hook.php(310): storefront_page_content()
#9 /var/www/testapp/wp-includes/class-wp-hook.php(334): WP_Hook->apply_filters()
#10 /var/www/testapp/wp-includes/plugin.php(517): WP_Hook->do_action()
#11 /var/www/testapp/wp-content/themes/storefront/content-page.php(18): do_action()
#12 /var/www/testapp/wp-includes/template.php(787): require('...')
#13 /var/www/testapp/wp-includes/template.php(720): load_template()
#14 /var/www/testapp/wp-includes/general-template.php(206): locate_template()
#15 /var/www/testapp/wp-content/themes/storefront/page.php(24): get_template_part()
#16 /var/www/testapp/wp-includes/template-loader.php(106): include('...')
#17 /var/www/testapp/wp-blog-header.php(19): require_once('...')
#18 /var/www/testapp/index.php(18): require('...')
#19 {main}
  thrown in /var/www/testapp/wp-content/themes/storefront/functions.php on line 324

2023-11-03T08:07:43+00:00 CRITICAL Uncaught ValueError: Path cannot be empty in /var/www/testapp/wp-content/themes/storefront/functions.php:324
Stack trace:
#0 /var/www/testapp/wp-content/themes/storefront/functions.php(324): file_get_contents()
#1 /var/www/testapp/wp-includes/shortcodes.php(433): createProduct()
#2 [internal function]: do_shortcode_tag()
#3 /var/www/testapp/wp-includes/shortcodes.php(273): preg_replace_callback()
#4 /var/www/testapp/wp-includes/class-wp-hook.php(310): do_shortcode()
#5 /var/www/testapp/wp-includes/plugin.php(205): WP_Hook->apply_filters()
#6 /var/www/testapp/wp-includes/post-template.php(256): apply_filters()
#7 /var/www/testapp/wp-content/themes/storefront/inc/storefront-template-functions.php(352): the_content()
#8 /var/www/testapp/wp-includes/class-wp-hook.php(310): storefront_page_content()
#9 /var/www/testapp/wp-includes/class-wp-hook.php(334): WP_Hook->apply_filters()
#10 /var/www/testapp/wp-includes/plugin.php(517): WP_Hook->do_action()
#11 /var/www/testapp/wp-content/themes/storefront/content-page.php(18): do_action()
#12 /var/www/testapp/wp-includes/template.php(787): require('...')
#13 /var/www/testapp/wp-includes/template.php(720): load_template()
#14 /var/www/testapp/wp-includes/general-template.php(206): locate_template()
#15 /var/www/testapp/wp-content/themes/storefront/page.php(24): get_template_part()
#16 /var/www/testapp/wp-includes/template-loader.php(106): include('...')
#17 /var/www/testapp/wp-blog-header.php(19): require_once('...')
#18 /var/www/testapp/index.php(18): require('...')
#19 {main}
  thrown in /var/www/testapp/wp-content/themes/storefront/functions.php on line 324

2023-11-03T08:08:01+00:00 CRITICAL Uncaught ValueError: Path cannot be empty in /var/www/testapp/wp-content/themes/storefront/functions.php:324
Stack trace:
#0 /var/www/testapp/wp-content/themes/storefront/functions.php(324): file_get_contents()
#1 /var/www/testapp/wp-includes/shortcodes.php(433): createProduct()
#2 [internal function]: do_shortcode_tag()
#3 /var/www/testapp/wp-includes/shortcodes.php(273): preg_replace_callback()
#4 /var/www/testapp/wp-includes/class-wp-hook.php(310): do_shortcode()
#5 /var/www/testapp/wp-includes/plugin.php(205): WP_Hook->apply_filters()
#6 /var/www/testapp/wp-includes/post-template.php(256): apply_filters()
#7 /var/www/testapp/wp-content/themes/storefront/inc/storefront-template-functions.php(352): the_content()
#8 /var/www/testapp/wp-includes/class-wp-hook.php(310): storefront_page_content()
#9 /var/www/testapp/wp-includes/class-wp-hook.php(334): WP_Hook->apply_filters()
#10 /var/www/testapp/wp-includes/plugin.php(517): WP_Hook->do_action()
#11 /var/www/testapp/wp-content/themes/storefront/content-page.php(18): do_action()
#12 /var/www/testapp/wp-includes/template.php(787): require('...')
#13 /var/www/testapp/wp-includes/template.php(720): load_template()
#14 /var/www/testapp/wp-includes/general-template.php(206): locate_template()
#15 /var/www/testapp/wp-content/themes/storefront/page.php(24): get_template_part()
#16 /var/www/testapp/wp-includes/template-loader.php(106): include('...')
#17 /var/www/testapp/wp-blog-header.php(19): require_once('...')
#18 /var/www/testapp/index.php(18): require('...')
#19 {main}
  thrown in /var/www/testapp/wp-content/themes/storefront/functions.php on line 324

2023-11-03T08:08:26+00:00 CRITICAL Uncaught ValueError: Path cannot be empty in /var/www/testapp/wp-content/themes/storefront/functions.php:324
Stack trace:
#0 /var/www/testapp/wp-content/themes/storefront/functions.php(324): file_get_contents()
#1 /var/www/testapp/wp-includes/shortcodes.php(433): createProduct()
#2 [internal function]: do_shortcode_tag()
#3 /var/www/testapp/wp-includes/shortcodes.php(273): preg_replace_callback()
#4 /var/www/testapp/wp-includes/class-wp-hook.php(310): do_shortcode()
#5 /var/www/testapp/wp-includes/plugin.php(205): WP_Hook->apply_filters()
#6 /var/www/testapp/wp-includes/post-template.php(256): apply_filters()
#7 /var/www/testapp/wp-content/themes/storefront/inc/storefront-template-functions.php(352): the_content()
#8 /var/www/testapp/wp-includes/class-wp-hook.php(310): storefront_page_content()
#9 /var/www/testapp/wp-includes/class-wp-hook.php(334): WP_Hook->apply_filters()
#10 /var/www/testapp/wp-includes/plugin.php(517): WP_Hook->do_action()
#11 /var/www/testapp/wp-content/themes/storefront/content-page.php(18): do_action()
#12 /var/www/testapp/wp-includes/template.php(787): require('...')
#13 /var/www/testapp/wp-includes/template.php(720): load_template()
#14 /var/www/testapp/wp-includes/general-template.php(206): locate_template()
#15 /var/www/testapp/wp-content/themes/storefront/page.php(24): get_template_part()
#16 /var/www/testapp/wp-includes/template-loader.php(106): include('...')
#17 /var/www/testapp/wp-blog-header.php(19): require_once('...')
#18 /var/www/testapp/index.php(18): require('...')
#19 {main}
  thrown in /var/www/testapp/wp-content/themes/storefront/functions.php on line 324

2023-11-03T08:09:17+00:00 CRITICAL Uncaught ValueError: Path cannot be empty in /var/www/testapp/wp-content/themes/storefront/functions.php:324
Stack trace:
#0 /var/www/testapp/wp-content/themes/storefront/functions.php(324): file_get_contents()
#1 /var/www/testapp/wp-includes/shortcodes.php(433): createProduct()
#2 [internal function]: do_shortcode_tag()
#3 /var/www/testapp/wp-includes/shortcodes.php(273): preg_replace_callback()
#4 /var/www/testapp/wp-includes/class-wp-hook.php(310): do_shortcode()
#5 /var/www/testapp/wp-includes/plugin.php(205): WP_Hook->apply_filters()
#6 /var/www/testapp/wp-includes/post-template.php(256): apply_filters()
#7 /var/www/testapp/wp-content/themes/storefront/inc/storefront-template-functions.php(352): the_content()
#8 /var/www/testapp/wp-includes/class-wp-hook.php(310): storefront_page_content()
#9 /var/www/testapp/wp-includes/class-wp-hook.php(334): WP_Hook->apply_filters()
#10 /var/www/testapp/wp-includes/plugin.php(517): WP_Hook->do_action()
#11 /var/www/testapp/wp-content/themes/storefront/content-page.php(18): do_action()
#12 /var/www/testapp/wp-includes/template.php(787): require('...')
#13 /var/www/testapp/wp-includes/template.php(720): load_template()
#14 /var/www/testapp/wp-includes/general-template.php(206): locate_template()
#15 /var/www/testapp/wp-content/themes/storefront/page.php(24): get_template_part()
#16 /var/www/testapp/wp-includes/template-loader.php(106): include('...')
#17 /var/www/testapp/wp-blog-header.php(19): require_once('...')
#18 /var/www/testapp/index.php(18): require('...')
#19 {main}
  thrown in /var/www/testapp/wp-content/themes/storefront/functions.php on line 324

2023-11-03T08:56:41+00:00 CRITICAL Uncaught ValueError: Path cannot be empty in /var/www/testapp/wp-content/themes/storefront/functions.php:324
Stack trace:
#0 /var/www/testapp/wp-content/themes/storefront/functions.php(324): file_get_contents()
#1 /var/www/testapp/wp-includes/shortcodes.php(433): createProduct()
#2 [internal function]: do_shortcode_tag()
#3 /var/www/testapp/wp-includes/shortcodes.php(273): preg_replace_callback()
#4 /var/www/testapp/wp-includes/class-wp-hook.php(310): do_shortcode()
#5 /var/www/testapp/wp-includes/plugin.php(205): WP_Hook->apply_filters()
#6 /var/www/testapp/wp-includes/post-template.php(256): apply_filters()
#7 /var/www/testapp/wp-content/themes/storefront/inc/storefront-template-functions.php(352): the_content()
#8 /var/www/testapp/wp-includes/class-wp-hook.php(310): storefront_page_content()
#9 /var/www/testapp/wp-includes/class-wp-hook.php(334): WP_Hook->apply_filters()
#10 /var/www/testapp/wp-includes/plugin.php(517): WP_Hook->do_action()
#11 /var/www/testapp/wp-content/themes/storefront/content-page.php(18): do_action()
#12 /var/www/testapp/wp-includes/template.php(787): require('...')
#13 /var/www/testapp/wp-includes/template.php(720): load_template()
#14 /var/www/testapp/wp-includes/general-template.php(206): locate_template()
#15 /var/www/testapp/wp-content/themes/storefront/page.php(24): get_template_part()
#16 /var/www/testapp/wp-includes/template-loader.php(106): include('...')
#17 /var/www/testapp/wp-blog-header.php(19): require_once('...')
#18 /var/www/testapp/index.php(18): require('...')
#19 {main}
  thrown in /var/www/testapp/wp-content/themes/storefront/functions.php on line 324

2023-11-03T09:35:34+00:00 CRITICAL Uncaught Error: Call to undefined function wp_generate_attachment_metadata() in /var/www/testapp/wp-content/themes/storefront/functions.php:333
Stack trace:
#0 /var/www/testapp/wp-includes/shortcodes.php(433): createProduct()
#1 [internal function]: do_shortcode_tag()
#2 /var/www/testapp/wp-includes/shortcodes.php(273): preg_replace_callback()
#3 /var/www/testapp/wp-includes/class-wp-hook.php(310): do_shortcode()
#4 /var/www/testapp/wp-includes/plugin.php(205): WP_Hook->apply_filters()
#5 /var/www/testapp/wp-includes/post-template.php(256): apply_filters()
#6 /var/www/testapp/wp-content/themes/storefront/inc/storefront-template-functions.php(352): the_content()
#7 /var/www/testapp/wp-includes/class-wp-hook.php(310): storefront_page_content()
#8 /var/www/testapp/wp-includes/class-wp-hook.php(334): WP_Hook->apply_filters()
#9 /var/www/testapp/wp-includes/plugin.php(517): WP_Hook->do_action()
#10 /var/www/testapp/wp-content/themes/storefront/content-page.php(18): do_action()
#11 /var/www/testapp/wp-includes/template.php(787): require('...')
#12 /var/www/testapp/wp-includes/template.php(720): load_template()
#13 /var/www/testapp/wp-includes/general-template.php(206): locate_template()
#14 /var/www/testapp/wp-content/themes/storefront/page.php(24): get_template_part()
#15 /var/www/testapp/wp-includes/template-loader.php(106): include('...')
#16 /var/www/testapp/wp-blog-header.php(19): require_once('...')
#17 /var/www/testapp/index.php(18): require('...')
#18 {main}
  thrown in /var/www/testapp/wp-content/themes/storefront/functions.php on line 333

2023-11-03T09:36:17+00:00 CRITICAL Uncaught Error: Call to undefined function wp_generate_attachment_metadata() in /var/www/testapp/wp-content/themes/storefront/functions.php:333
Stack trace:
#0 /var/www/testapp/wp-includes/shortcodes.php(433): createProduct()
#1 [internal function]: do_shortcode_tag()
#2 /var/www/testapp/wp-includes/shortcodes.php(273): preg_replace_callback()
#3 /var/www/testapp/wp-includes/class-wp-hook.php(310): do_shortcode()
#4 /var/www/testapp/wp-includes/plugin.php(205): WP_Hook->apply_filters()
#5 /var/www/testapp/wp-includes/post-template.php(256): apply_filters()
#6 /var/www/testapp/wp-content/themes/storefront/inc/storefront-template-functions.php(352): the_content()
#7 /var/www/testapp/wp-includes/class-wp-hook.php(310): storefront_page_content()
#8 /var/www/testapp/wp-includes/class-wp-hook.php(334): WP_Hook->apply_filters()
#9 /var/www/testapp/wp-includes/plugin.php(517): WP_Hook->do_action()
#10 /var/www/testapp/wp-content/themes/storefront/content-page.php(18): do_action()
#11 /var/www/testapp/wp-includes/template.php(787): require('...')
#12 /var/www/testapp/wp-includes/template.php(720): load_template()
#13 /var/www/testapp/wp-includes/general-template.php(206): locate_template()
#14 /var/www/testapp/wp-content/themes/storefront/page.php(24): get_template_part()
#15 /var/www/testapp/wp-includes/template-loader.php(106): include('...')
#16 /var/www/testapp/wp-blog-header.php(19): require_once('...')
#17 /var/www/testapp/index.php(18): require('...')
#18 {main}
  thrown in /var/www/testapp/wp-content/themes/storefront/functions.php on line 333

